WARNING - 2024-06-29 07:33:59 --> [DEPRECATED] Required parameter $originalDate follows optional parameter $format in APPPATH\Helpers\custom_helper.php on line 4.
 1 SYSTEMPATH\Common.php(667): include_once()
 2 SYSTEMPATH\Controller.php(90): helper([...])
 3 APPPATH\Controllers\BaseController.php(52): CodeIgniter\Controller->initController(Object(CodeIgniter\HTTP\IncomingRequest), Object(CodeIgniter\HTTP\Response), Object(CodeIgniter\Log\Logger))
 4 SYSTEMPATH\CodeIgniter.php(915): App\Controllers\BaseController->initController(Object(CodeIgniter\HTTP\IncomingRequest), Object(CodeIgniter\HTTP\Response), Object(CodeIgniter\Log\Logger))
 5 SYSTEMPATH\CodeIgniter.php(493): CodeIgniter\CodeIgniter->createController()
 6 SYSTEMPATH\CodeIgniter.php(361): CodeIgniter\CodeIgniter->handleRequest(null, Object(Config\Cache), false)
 7 FCPATH\index.php(79): CodeIgniter\CodeIgniter->run()
 8 SYSTEMPATH\Commands\Server\rewrite.php(47): require_once('C:\\xampp\\htdocs\\toko_online_CI\\public\\index.php')
INFO - 2024-06-29 07:34:00 --> Session: Class initialized using 'CodeIgniter\Session\Handlers\FileHandler' driver.
WARNING - 2024-06-29 07:39:29 --> [DEPRECATED] Required parameter $originalDate follows optional parameter $format in APPPATH\Helpers\custom_helper.php on line 4.
 1 SYSTEMPATH\Common.php(667): include_once()
 2 SYSTEMPATH\Controller.php(90): helper([...])
 3 APPPATH\Controllers\BaseController.php(52): CodeIgniter\Controller->initController(Object(CodeIgniter\HTTP\IncomingRequest), Object(CodeIgniter\HTTP\Response), Object(CodeIgniter\Log\Logger))
 4 SYSTEMPATH\CodeIgniter.php(915): App\Controllers\BaseController->initController(Object(CodeIgniter\HTTP\IncomingRequest), Object(CodeIgniter\HTTP\Response), Object(CodeIgniter\Log\Logger))
 5 SYSTEMPATH\CodeIgniter.php(493): CodeIgniter\CodeIgniter->createController()
 6 SYSTEMPATH\CodeIgniter.php(361): CodeIgniter\CodeIgniter->handleRequest(null, Object(Config\Cache), false)
 7 FCPATH\index.php(79): CodeIgniter\CodeIgniter->run()
 8 SYSTEMPATH\Commands\Server\rewrite.php(47): require_once('C:\\xampp\\htdocs\\toko_online_CI\\public\\index.php')
INFO - 2024-06-29 07:39:29 --> Session: Class initialized using 'CodeIgniter\Session\Handlers\FileHandler' driver.
WARNING - 2024-06-29 07:39:32 --> [DEPRECATED] Required parameter $originalDate follows optional parameter $format in APPPATH\Helpers\custom_helper.php on line 4.
 1 SYSTEMPATH\Common.php(667): include_once()
 2 SYSTEMPATH\Controller.php(90): helper([...])
 3 APPPATH\Controllers\BaseController.php(52): CodeIgniter\Controller->initController(Object(CodeIgniter\HTTP\IncomingRequest), Object(CodeIgniter\HTTP\Response), Object(CodeIgniter\Log\Logger))
 4 SYSTEMPATH\CodeIgniter.php(915): App\Controllers\BaseController->initController(Object(CodeIgniter\HTTP\IncomingRequest), Object(CodeIgniter\HTTP\Response), Object(CodeIgniter\Log\Logger))
 5 SYSTEMPATH\CodeIgniter.php(493): CodeIgniter\CodeIgniter->createController()
 6 SYSTEMPATH\CodeIgniter.php(361): CodeIgniter\CodeIgniter->handleRequest(null, Object(Config\Cache), false)
 7 FCPATH\index.php(79): CodeIgniter\CodeIgniter->run()
 8 SYSTEMPATH\Commands\Server\rewrite.php(47): require_once('C:\\xampp\\htdocs\\toko_online_CI\\public\\index.php')
ERROR - 2024-06-29 07:39:32 --> Error connecting to the database: mysqli_sql_exception: Unknown database 'cart_online' in C:\xampp\htdocs\toko_online_CI\system\Database\MySQLi\Connection.php:185
Stack trace:
#0 C:\xampp\htdocs\toko_online_CI\system\Database\MySQLi\Connection.php(185): mysqli->real_connect('localhost', 'root', '', 'cart_online', 3306, '', 0)
#1 C:\xampp\htdocs\toko_online_CI\system\Database\BaseConnection.php(392): CodeIgniter\Database\MySQLi\Connection->connect(false)
#2 C:\xampp\htdocs\toko_online_CI\system\Database\BaseConnection.php(575): CodeIgniter\Database\BaseConnection->initialize()
#3 C:\xampp\htdocs\toko_online_CI\system\Database\BaseBuilder.php(1615): CodeIgniter\Database\BaseConnection->query('SELECT *\nFROM `...', Array, false)
#4 C:\xampp\htdocs\toko_online_CI\system\Model.php(871): CodeIgniter\Database\BaseBuilder->get()
#5 C:\xampp\htdocs\toko_online_CI\app\Controllers\Produk.php(26): CodeIgniter\Model->__call('get', Array)
#6 C:\xampp\htdocs\toko_online_CI\system\CodeIgniter.php(942): App\Controllers\Produk->index()
#7 C:\xampp\htdocs\toko_online_CI\system\CodeIgniter.php(502): CodeIgniter\CodeIgniter->runController(Object(App\Controllers\Produk))
#8 C:\xampp\htdocs\toko_online_CI\system\CodeIgniter.php(361): CodeIgniter\CodeIgniter->handleRequest(NULL, Object(Config\Cache), false)
#9 C:\xampp\htdocs\toko_online_CI\public\index.php(79): CodeIgniter\CodeIgniter->run()
#10 C:\xampp\htdocs\toko_online_CI\system\Commands\Server\rewrite.php(47): require_once('C:\\xampp\\htdocs...')
#11 {main}

Next CodeIgniter\Database\Exceptions\DatabaseException: Unknown database 'cart_online' in C:\xampp\htdocs\toko_online_CI\system\Database\MySQLi\Connection.php:229
Stack trace:
#0 C:\xampp\htdocs\toko_online_CI\system\Database\BaseConnection.php(392): CodeIgniter\Database\MySQLi\Connection->connect(false)
#1 C:\xampp\htdocs\toko_online_CI\system\Database\BaseConnection.php(575): CodeIgniter\Database\BaseConnection->initialize()
#2 C:\xampp\htdocs\toko_online_CI\system\Database\BaseBuilder.php(1615): CodeIgniter\Database\BaseConnection->query('SELECT *\nFROM `...', Array, false)
#3 C:\xampp\htdocs\toko_online_CI\system\Model.php(871): CodeIgniter\Database\BaseBuilder->get()
#4 C:\xampp\htdocs\toko_online_CI\app\Controllers\Produk.php(26): CodeIgniter\Model->__call('get', Array)
#5 C:\xampp\htdocs\toko_online_CI\system\CodeIgniter.php(942): App\Controllers\Produk->index()
#6 C:\xampp\htdocs\toko_online_CI\system\CodeIgniter.php(502): CodeIgniter\CodeIgniter->runController(Object(App\Controllers\Produk))
#7 C:\xampp\htdocs\toko_online_CI\system\CodeIgniter.php(361): CodeIgniter\CodeIgniter->handleRequest(NULL, Object(Config\Cache), false)
#8 C:\xampp\htdocs\toko_online_CI\public\index.php(79): CodeIgniter\CodeIgniter->run()
#9 C:\xampp\htdocs\toko_online_CI\system\Commands\Server\rewrite.php(47): require_once('C:\\xampp\\htdocs...')
#10 {main}
CRITICAL - 2024-06-29 07:39:32 --> Unable to connect to the database.
Main connection [MySQLi]: Unknown database 'cart_online'
in SYSTEMPATH\Database\BaseConnection.php on line 428.
 1 SYSTEMPATH\Database\BaseConnection.php(575): CodeIgniter\Database\BaseConnection->initialize()
 2 SYSTEMPATH\Database\BaseBuilder.php(1615): CodeIgniter\Database\BaseConnection->query('SELECT *
FROM `produk`
WHERE `nama_produk` LIKE :nama_produk: ESCAPE \'!\'
ORDER BY `id_produk` DESC', [...], false)
 3 SYSTEMPATH\Model.php(871): CodeIgniter\Database\BaseBuilder->get()
 4 APPPATH\Controllers\Produk.php(26): CodeIgniter\Model->__call('get', [])
 5 SYSTEMPATH\CodeIgniter.php(942): App\Controllers\Produk->index()
 6 SYSTEMPATH\CodeIgniter.php(502): CodeIgniter\CodeIgniter->runController(Object(App\Controllers\Produk))
 7 SYSTEMPATH\CodeIgniter.php(361): CodeIgniter\CodeIgniter->handleRequest(null, Object(Config\Cache), false)
 8 FCPATH\index.php(79): CodeIgniter\CodeIgniter->run()
 9 SYSTEMPATH\Commands\Server\rewrite.php(47): require_once('C:\\xampp\\htdocs\\toko_online_CI\\public\\index.php')
WARNING - 2024-06-29 07:39:47 --> [DEPRECATED] Required parameter $originalDate follows optional parameter $format in APPPATH\Helpers\custom_helper.php on line 4.
 1 SYSTEMPATH\Common.php(667): include_once()
 2 SYSTEMPATH\Controller.php(90): helper([...])
 3 APPPATH\Controllers\BaseController.php(52): CodeIgniter\Controller->initController(Object(CodeIgniter\HTTP\IncomingRequest), Object(CodeIgniter\HTTP\Response), Object(CodeIgniter\Log\Logger))
 4 SYSTEMPATH\CodeIgniter.php(915): App\Controllers\BaseController->initController(Object(CodeIgniter\HTTP\IncomingRequest), Object(CodeIgniter\HTTP\Response), Object(CodeIgniter\Log\Logger))
 5 SYSTEMPATH\CodeIgniter.php(493): CodeIgniter\CodeIgniter->createController()
 6 SYSTEMPATH\CodeIgniter.php(361): CodeIgniter\CodeIgniter->handleRequest(null, Object(Config\Cache), false)
 7 FCPATH\index.php(79): CodeIgniter\CodeIgniter->run()
 8 SYSTEMPATH\Commands\Server\rewrite.php(47): require_once('C:\\xampp\\htdocs\\toko_online_CI\\public\\index.php')
INFO - 2024-06-29 07:39:47 --> Session: Class initialized using 'CodeIgniter\Session\Handlers\FileHandler' driver.
INFO - 2024-06-29 07:39:49 --> Session: Class initialized using 'CodeIgniter\Session\Handlers\FileHandler' driver.
WARNING - 2024-06-29 07:39:49 --> [DEPRECATED] Required parameter $originalDate follows optional parameter $format in APPPATH\Helpers\custom_helper.php on line 4.
 1 SYSTEMPATH\Common.php(667): include_once()
 2 SYSTEMPATH\Controller.php(90): helper([...])
 3 APPPATH\Controllers\BaseController.php(52): CodeIgniter\Controller->initController(Object(CodeIgniter\HTTP\IncomingRequest), Object(CodeIgniter\HTTP\Response), Object(CodeIgniter\Log\Logger))
 4 SYSTEMPATH\CodeIgniter.php(915): App\Controllers\BaseController->initController(Object(CodeIgniter\HTTP\IncomingRequest), Object(CodeIgniter\HTTP\Response), Object(CodeIgniter\Log\Logger))
 5 SYSTEMPATH\CodeIgniter.php(493): CodeIgniter\CodeIgniter->createController()
 6 SYSTEMPATH\CodeIgniter.php(361): CodeIgniter\CodeIgniter->handleRequest(null, Object(Config\Cache), false)
 7 FCPATH\index.php(79): CodeIgniter\CodeIgniter->run()
 8 SYSTEMPATH\Commands\Server\rewrite.php(47): require_once('C:\\xampp\\htdocs\\toko_online_CI\\public\\index.php')
INFO - 2024-06-29 07:39:52 --> Session: Class initialized using 'CodeIgniter\Session\Handlers\FileHandler' driver.
WARNING - 2024-06-29 07:39:52 --> [DEPRECATED] Required parameter $originalDate follows optional parameter $format in APPPATH\Helpers\custom_helper.php on line 4.
 1 SYSTEMPATH\Common.php(667): include_once()
 2 SYSTEMPATH\Controller.php(90): helper([...])
 3 APPPATH\Controllers\BaseController.php(52): CodeIgniter\Controller->initController(Object(CodeIgniter\HTTP\IncomingRequest), Object(CodeIgniter\HTTP\Response), Object(CodeIgniter\Log\Logger))
 4 SYSTEMPATH\CodeIgniter.php(915): App\Controllers\BaseController->initController(Object(CodeIgniter\HTTP\IncomingRequest), Object(CodeIgniter\HTTP\Response), Object(CodeIgniter\Log\Logger))
 5 SYSTEMPATH\CodeIgniter.php(493): CodeIgniter\CodeIgniter->createController()
 6 SYSTEMPATH\CodeIgniter.php(361): CodeIgniter\CodeIgniter->handleRequest(null, Object(Config\Cache), false)
 7 FCPATH\index.php(79): CodeIgniter\CodeIgniter->run()
 8 SYSTEMPATH\Commands\Server\rewrite.php(47): require_once('C:\\xampp\\htdocs\\toko_online_CI\\public\\index.php')
INFO - 2024-06-29 07:40:00 --> Session: Class initialized using 'CodeIgniter\Session\Handlers\FileHandler' driver.
WARNING - 2024-06-29 07:40:00 --> [DEPRECATED] Required parameter $originalDate follows optional parameter $format in APPPATH\Helpers\custom_helper.php on line 4.
 1 SYSTEMPATH\Common.php(667): include_once()
 2 SYSTEMPATH\Controller.php(90): helper([...])
 3 APPPATH\Controllers\BaseController.php(52): CodeIgniter\Controller->initController(Object(CodeIgniter\HTTP\IncomingRequest), Object(CodeIgniter\HTTP\Response), Object(CodeIgniter\Log\Logger))
 4 SYSTEMPATH\CodeIgniter.php(915): App\Controllers\BaseController->initController(Object(CodeIgniter\HTTP\IncomingRequest), Object(CodeIgniter\HTTP\Response), Object(CodeIgniter\Log\Logger))
 5 SYSTEMPATH\CodeIgniter.php(493): CodeIgniter\CodeIgniter->createController()
 6 SYSTEMPATH\CodeIgniter.php(361): CodeIgniter\CodeIgniter->handleRequest(null, Object(Config\Cache), false)
 7 FCPATH\index.php(79): CodeIgniter\CodeIgniter->run()
 8 SYSTEMPATH\Commands\Server\rewrite.php(47): require_once('C:\\xampp\\htdocs\\toko_online_CI\\public\\index.php')
WARNING - 2024-06-29 07:40:04 --> [DEPRECATED] Required parameter $originalDate follows optional parameter $format in APPPATH\Helpers\custom_helper.php on line 4.
 1 SYSTEMPATH\Common.php(667): include_once()
 2 SYSTEMPATH\Controller.php(90): helper([...])
 3 APPPATH\Controllers\BaseController.php(52): CodeIgniter\Controller->initController(Object(CodeIgniter\HTTP\IncomingRequest), Object(CodeIgniter\HTTP\Response), Object(CodeIgniter\Log\Logger))
 4 SYSTEMPATH\CodeIgniter.php(915): App\Controllers\BaseController->initController(Object(CodeIgniter\HTTP\IncomingRequest), Object(CodeIgniter\HTTP\Response), Object(CodeIgniter\Log\Logger))
 5 SYSTEMPATH\CodeIgniter.php(493): CodeIgniter\CodeIgniter->createController()
 6 SYSTEMPATH\CodeIgniter.php(361): CodeIgniter\CodeIgniter->handleRequest(null, Object(Config\Cache), false)
 7 FCPATH\index.php(79): CodeIgniter\CodeIgniter->run()
 8 SYSTEMPATH\Commands\Server\rewrite.php(47): require_once('C:\\xampp\\htdocs\\toko_online_CI\\public\\index.php')
ERROR - 2024-06-29 07:40:04 --> Error connecting to the database: mysqli_sql_exception: Unknown database 'cart_online' in C:\xampp\htdocs\toko_online_CI\system\Database\MySQLi\Connection.php:185
Stack trace:
#0 C:\xampp\htdocs\toko_online_CI\system\Database\MySQLi\Connection.php(185): mysqli->real_connect('localhost', 'root', '', 'cart_online', 3306, '', 0)
#1 C:\xampp\htdocs\toko_online_CI\system\Database\BaseConnection.php(392): CodeIgniter\Database\MySQLi\Connection->connect(false)
#2 C:\xampp\htdocs\toko_online_CI\system\Database\BaseConnection.php(575): CodeIgniter\Database\BaseConnection->initialize()
#3 C:\xampp\htdocs\toko_online_CI\system\Database\BaseBuilder.php(1615): CodeIgniter\Database\BaseConnection->query('SELECT *\nFROM `...', Array, false)
#4 C:\xampp\htdocs\toko_online_CI\system\Model.php(871): CodeIgniter\Database\BaseBuilder->get()
#5 C:\xampp\htdocs\toko_online_CI\app\Controllers\Produk.php(26): CodeIgniter\Model->__call('get', Array)
#6 C:\xampp\htdocs\toko_online_CI\system\CodeIgniter.php(942): App\Controllers\Produk->index()
#7 C:\xampp\htdocs\toko_online_CI\system\CodeIgniter.php(502): CodeIgniter\CodeIgniter->runController(Object(App\Controllers\Produk))
#8 C:\xampp\htdocs\toko_online_CI\system\CodeIgniter.php(361): CodeIgniter\CodeIgniter->handleRequest(NULL, Object(Config\Cache), false)
#9 C:\xampp\htdocs\toko_online_CI\public\index.php(79): CodeIgniter\CodeIgniter->run()
#10 C:\xampp\htdocs\toko_online_CI\system\Commands\Server\rewrite.php(47): require_once('C:\\xampp\\htdocs...')
#11 {main}

Next CodeIgniter\Database\Exceptions\DatabaseException: Unknown database 'cart_online' in C:\xampp\htdocs\toko_online_CI\system\Database\MySQLi\Connection.php:229
Stack trace:
#0 C:\xampp\htdocs\toko_online_CI\system\Database\BaseConnection.php(392): CodeIgniter\Database\MySQLi\Connection->connect(false)
#1 C:\xampp\htdocs\toko_online_CI\system\Database\BaseConnection.php(575): CodeIgniter\Database\BaseConnection->initialize()
#2 C:\xampp\htdocs\toko_online_CI\system\Database\BaseBuilder.php(1615): CodeIgniter\Database\BaseConnection->query('SELECT *\nFROM `...', Array, false)
#3 C:\xampp\htdocs\toko_online_CI\system\Model.php(871): CodeIgniter\Database\BaseBuilder->get()
#4 C:\xampp\htdocs\toko_online_CI\app\Controllers\Produk.php(26): CodeIgniter\Model->__call('get', Array)
#5 C:\xampp\htdocs\toko_online_CI\system\CodeIgniter.php(942): App\Controllers\Produk->index()
#6 C:\xampp\htdocs\toko_online_CI\system\CodeIgniter.php(502): CodeIgniter\CodeIgniter->runController(Object(App\Controllers\Produk))
#7 C:\xampp\htdocs\toko_online_CI\system\CodeIgniter.php(361): CodeIgniter\CodeIgniter->handleRequest(NULL, Object(Config\Cache), false)
#8 C:\xampp\htdocs\toko_online_CI\public\index.php(79): CodeIgniter\CodeIgniter->run()
#9 C:\xampp\htdocs\toko_online_CI\system\Commands\Server\rewrite.php(47): require_once('C:\\xampp\\htdocs...')
#10 {main}
CRITICAL - 2024-06-29 07:40:04 --> Unable to connect to the database.
Main connection [MySQLi]: Unknown database 'cart_online'
in SYSTEMPATH\Database\BaseConnection.php on line 428.
 1 SYSTEMPATH\Database\BaseConnection.php(575): CodeIgniter\Database\BaseConnection->initialize()
 2 SYSTEMPATH\Database\BaseBuilder.php(1615): CodeIgniter\Database\BaseConnection->query('SELECT *
FROM `produk`
WHERE `nama_produk` LIKE :nama_produk: ESCAPE \'!\'
ORDER BY `id_produk` DESC', [...], false)
 3 SYSTEMPATH\Model.php(871): CodeIgniter\Database\BaseBuilder->get()
 4 APPPATH\Controllers\Produk.php(26): CodeIgniter\Model->__call('get', [])
 5 SYSTEMPATH\CodeIgniter.php(942): App\Controllers\Produk->index()
 6 SYSTEMPATH\CodeIgniter.php(502): CodeIgniter\CodeIgniter->runController(Object(App\Controllers\Produk))
 7 SYSTEMPATH\CodeIgniter.php(361): CodeIgniter\CodeIgniter->handleRequest(null, Object(Config\Cache), false)
 8 FCPATH\index.php(79): CodeIgniter\CodeIgniter->run()
 9 SYSTEMPATH\Commands\Server\rewrite.php(47): require_once('C:\\xampp\\htdocs\\toko_online_CI\\public\\index.php')
INFO - 2024-06-29 07:41:51 --> Session: Class initialized using 'CodeIgniter\Session\Handlers\FileHandler' driver.
WARNING - 2024-06-29 07:41:51 --> [DEPRECATED] Required parameter $originalDate follows optional parameter $format in APPPATH\Helpers\custom_helper.php on line 4.
 1 SYSTEMPATH\Common.php(667): include_once()
 2 SYSTEMPATH\Controller.php(90): helper([...])
 3 APPPATH\Controllers\BaseController.php(52): CodeIgniter\Controller->initController(Object(CodeIgniter\HTTP\IncomingRequest), Object(CodeIgniter\HTTP\Response), Object(CodeIgniter\Log\Logger))
 4 SYSTEMPATH\CodeIgniter.php(915): App\Controllers\BaseController->initController(Object(CodeIgniter\HTTP\IncomingRequest), Object(CodeIgniter\HTTP\Response), Object(CodeIgniter\Log\Logger))
 5 SYSTEMPATH\CodeIgniter.php(493): CodeIgniter\CodeIgniter->createController()
 6 SYSTEMPATH\CodeIgniter.php(361): CodeIgniter\CodeIgniter->handleRequest(null, Object(Config\Cache), false)
 7 FCPATH\index.php(79): CodeIgniter\CodeIgniter->run()
 8 SYSTEMPATH\Commands\Server\rewrite.php(47): require_once('C:\\xampp\\htdocs\\toko_online_CI\\public\\index.php')
WARNING - 2024-06-29 07:46:52 --> [DEPRECATED] Required parameter $originalDate follows optional parameter $format in APPPATH\Helpers\custom_helper.php on line 4.
 1 SYSTEMPATH\Common.php(667): include_once()
 2 SYSTEMPATH\Controller.php(90): helper([...])
 3 APPPATH\Controllers\BaseController.php(52): CodeIgniter\Controller->initController(Object(CodeIgniter\HTTP\IncomingRequest), Object(CodeIgniter\HTTP\Response), Object(CodeIgniter\Log\Logger))
 4 SYSTEMPATH\CodeIgniter.php(915): App\Controllers\BaseController->initController(Object(CodeIgniter\HTTP\IncomingRequest), Object(CodeIgniter\HTTP\Response), Object(CodeIgniter\Log\Logger))
 5 SYSTEMPATH\CodeIgniter.php(493): CodeIgniter\CodeIgniter->createController()
 6 SYSTEMPATH\CodeIgniter.php(361): CodeIgniter\CodeIgniter->handleRequest(null, Object(Config\Cache), false)
 7 FCPATH\index.php(79): CodeIgniter\CodeIgniter->run()
 8 SYSTEMPATH\Commands\Server\rewrite.php(47): require_once('C:\\xampp\\htdocs\\toko_online_CI\\public\\index.php')
INFO - 2024-06-29 07:46:52 --> Session: Class initialized using 'CodeIgniter\Session\Handlers\FileHandler' driver.
WARNING - 2024-06-29 07:51:33 --> [DEPRECATED] Required parameter $originalDate follows optional parameter $format in APPPATH\Helpers\custom_helper.php on line 4.
 1 SYSTEMPATH\Common.php(667): include_once()
 2 SYSTEMPATH\Controller.php(90): helper([...])
 3 APPPATH\Controllers\BaseController.php(52): CodeIgniter\Controller->initController(Object(CodeIgniter\HTTP\IncomingRequest), Object(CodeIgniter\HTTP\Response), Object(CodeIgniter\Log\Logger))
 4 SYSTEMPATH\CodeIgniter.php(915): App\Controllers\BaseController->initController(Object(CodeIgniter\HTTP\IncomingRequest), Object(CodeIgniter\HTTP\Response), Object(CodeIgniter\Log\Logger))
 5 SYSTEMPATH\CodeIgniter.php(493): CodeIgniter\CodeIgniter->createController()
 6 SYSTEMPATH\CodeIgniter.php(361): CodeIgniter\CodeIgniter->handleRequest(null, Object(Config\Cache), false)
 7 FCPATH\index.php(79): CodeIgniter\CodeIgniter->run()
 8 SYSTEMPATH\Commands\Server\rewrite.php(47): require_once('C:\\xampp\\htdocs\\toko_online_CI\\public\\index.php')
INFO - 2024-06-29 07:51:33 --> Session: Class initialized using 'CodeIgniter\Session\Handlers\FileHandler' driver.
WARNING - 2024-06-29 07:54:25 --> [DEPRECATED] Required parameter $originalDate follows optional parameter $format in APPPATH\Helpers\custom_helper.php on line 4.
 1 SYSTEMPATH\Common.php(667): include_once()
 2 SYSTEMPATH\Controller.php(90): helper([...])
 3 APPPATH\Controllers\BaseController.php(52): CodeIgniter\Controller->initController(Object(CodeIgniter\HTTP\IncomingRequest), Object(CodeIgniter\HTTP\Response), Object(CodeIgniter\Log\Logger))
 4 SYSTEMPATH\CodeIgniter.php(915): App\Controllers\BaseController->initController(Object(CodeIgniter\HTTP\IncomingRequest), Object(CodeIgniter\HTTP\Response), Object(CodeIgniter\Log\Logger))
 5 SYSTEMPATH\CodeIgniter.php(493): CodeIgniter\CodeIgniter->createController()
 6 SYSTEMPATH\CodeIgniter.php(361): CodeIgniter\CodeIgniter->handleRequest(null, Object(Config\Cache), false)
 7 FCPATH\index.php(79): CodeIgniter\CodeIgniter->run()
 8 SYSTEMPATH\Commands\Server\rewrite.php(47): require_once('C:\\xampp\\htdocs\\toko_online_CI\\public\\index.php')
INFO - 2024-06-29 07:54:25 --> Session: Class initialized using 'CodeIgniter\Session\Handlers\FileHandler' driver.
WARNING - 2024-06-29 07:57:24 --> [DEPRECATED] Required parameter $originalDate follows optional parameter $format in APPPATH\Helpers\custom_helper.php on line 4.
 1 SYSTEMPATH\Common.php(667): include_once()
 2 SYSTEMPATH\Controller.php(90): helper([...])
 3 APPPATH\Controllers\BaseController.php(52): CodeIgniter\Controller->initController(Object(CodeIgniter\HTTP\IncomingRequest), Object(CodeIgniter\HTTP\Response), Object(CodeIgniter\Log\Logger))
 4 SYSTEMPATH\CodeIgniter.php(915): App\Controllers\BaseController->initController(Object(CodeIgniter\HTTP\IncomingRequest), Object(CodeIgniter\HTTP\Response), Object(CodeIgniter\Log\Logger))
 5 SYSTEMPATH\CodeIgniter.php(493): CodeIgniter\CodeIgniter->createController()
 6 SYSTEMPATH\CodeIgniter.php(361): CodeIgniter\CodeIgniter->handleRequest(null, Object(Config\Cache), false)
 7 FCPATH\index.php(79): CodeIgniter\CodeIgniter->run()
 8 SYSTEMPATH\Commands\Server\rewrite.php(47): require_once('C:\\xampp\\htdocs\\toko_online_CI\\public\\index.php')
INFO - 2024-06-29 07:57:24 --> Session: Class initialized using 'CodeIgniter\Session\Handlers\FileHandler' driver.
WARNING - 2024-06-29 07:58:33 --> [DEPRECATED] Required parameter $originalDate follows optional parameter $format in APPPATH\Helpers\custom_helper.php on line 4.
 1 SYSTEMPATH\Common.php(667): include_once()
 2 SYSTEMPATH\Controller.php(90): helper([...])
 3 APPPATH\Controllers\BaseController.php(52): CodeIgniter\Controller->initController(Object(CodeIgniter\HTTP\IncomingRequest), Object(CodeIgniter\HTTP\Response), Object(CodeIgniter\Log\Logger))
 4 SYSTEMPATH\CodeIgniter.php(915): App\Controllers\BaseController->initController(Object(CodeIgniter\HTTP\IncomingRequest), Object(CodeIgniter\HTTP\Response), Object(CodeIgniter\Log\Logger))
 5 SYSTEMPATH\CodeIgniter.php(493): CodeIgniter\CodeIgniter->createController()
 6 SYSTEMPATH\CodeIgniter.php(361): CodeIgniter\CodeIgniter->handleRequest(null, Object(Config\Cache), false)
 7 FCPATH\index.php(79): CodeIgniter\CodeIgniter->run()
 8 SYSTEMPATH\Commands\Server\rewrite.php(47): require_once('C:\\xampp\\htdocs\\toko_online_CI\\public\\index.php')
INFO - 2024-06-29 07:58:33 --> Session: Class initialized using 'CodeIgniter\Session\Handlers\FileHandler' driver.
WARNING - 2024-06-29 07:59:29 --> [DEPRECATED] Required parameter $originalDate follows optional parameter $format in APPPATH\Helpers\custom_helper.php on line 4.
 1 SYSTEMPATH\Common.php(667): include_once()
 2 SYSTEMPATH\Controller.php(90): helper([...])
 3 APPPATH\Controllers\BaseController.php(52): CodeIgniter\Controller->initController(Object(CodeIgniter\HTTP\IncomingRequest), Object(CodeIgniter\HTTP\Response), Object(CodeIgniter\Log\Logger))
 4 SYSTEMPATH\CodeIgniter.php(915): App\Controllers\BaseController->initController(Object(CodeIgniter\HTTP\IncomingRequest), Object(CodeIgniter\HTTP\Response), Object(CodeIgniter\Log\Logger))
 5 SYSTEMPATH\CodeIgniter.php(493): CodeIgniter\CodeIgniter->createController()
 6 SYSTEMPATH\CodeIgniter.php(361): CodeIgniter\CodeIgniter->handleRequest(null, Object(Config\Cache), false)
 7 FCPATH\index.php(79): CodeIgniter\CodeIgniter->run()
 8 SYSTEMPATH\Commands\Server\rewrite.php(47): require_once('C:\\xampp\\htdocs\\toko_online_CI\\public\\index.php')
INFO - 2024-06-29 07:59:29 --> Session: Class initialized using 'CodeIgniter\Session\Handlers\FileHandler' driver.
WARNING - 2024-06-29 07:59:33 --> [DEPRECATED] Required parameter $originalDate follows optional parameter $format in APPPATH\Helpers\custom_helper.php on line 4.
 1 SYSTEMPATH\Common.php(667): include_once()
 2 SYSTEMPATH\Controller.php(90): helper([...])
 3 APPPATH\Controllers\BaseController.php(52): CodeIgniter\Controller->initController(Object(CodeIgniter\HTTP\IncomingRequest), Object(CodeIgniter\HTTP\Response), Object(CodeIgniter\Log\Logger))
 4 SYSTEMPATH\CodeIgniter.php(915): App\Controllers\BaseController->initController(Object(CodeIgniter\HTTP\IncomingRequest), Object(CodeIgniter\HTTP\Response), Object(CodeIgniter\Log\Logger))
 5 SYSTEMPATH\CodeIgniter.php(493): CodeIgniter\CodeIgniter->createController()
 6 SYSTEMPATH\CodeIgniter.php(361): CodeIgniter\CodeIgniter->handleRequest(null, Object(Config\Cache), false)
 7 FCPATH\index.php(79): CodeIgniter\CodeIgniter->run()
 8 SYSTEMPATH\Commands\Server\rewrite.php(47): require_once('C:\\xampp\\htdocs\\toko_online_CI\\public\\index.php')
INFO - 2024-06-29 07:59:33 --> Session: Class initialized using 'CodeIgniter\Session\Handlers\FileHandler' driver.
WARNING - 2024-06-29 07:59:35 --> [DEPRECATED] Required parameter $originalDate follows optional parameter $format in APPPATH\Helpers\custom_helper.php on line 4.
 1 SYSTEMPATH\Common.php(667): include_once()
 2 SYSTEMPATH\Controller.php(90): helper([...])
 3 APPPATH\Controllers\BaseController.php(52): CodeIgniter\Controller->initController(Object(CodeIgniter\HTTP\IncomingRequest), Object(CodeIgniter\HTTP\Response), Object(CodeIgniter\Log\Logger))
 4 SYSTEMPATH\CodeIgniter.php(915): App\Controllers\BaseController->initController(Object(CodeIgniter\HTTP\IncomingRequest), Object(CodeIgniter\HTTP\Response), Object(CodeIgniter\Log\Logger))
 5 SYSTEMPATH\CodeIgniter.php(493): CodeIgniter\CodeIgniter->createController()
 6 SYSTEMPATH\CodeIgniter.php(361): CodeIgniter\CodeIgniter->handleRequest(null, Object(Config\Cache), false)
 7 FCPATH\index.php(79): CodeIgniter\CodeIgniter->run()
 8 SYSTEMPATH\Commands\Server\rewrite.php(47): require_once('C:\\xampp\\htdocs\\toko_online_CI\\public\\index.php')
ERROR - 2024-06-29 07:59:35 --> Error connecting to the database: mysqli_sql_exception: Unknown database 'cart_online' in C:\xampp\htdocs\toko_online_CI\system\Database\MySQLi\Connection.php:185
Stack trace:
#0 C:\xampp\htdocs\toko_online_CI\system\Database\MySQLi\Connection.php(185): mysqli->real_connect('localhost', 'root', '', 'cart_online', 3306, '', 0)
#1 C:\xampp\htdocs\toko_online_CI\system\Database\BaseConnection.php(392): CodeIgniter\Database\MySQLi\Connection->connect(false)
#2 C:\xampp\htdocs\toko_online_CI\system\Database\BaseConnection.php(575): CodeIgniter\Database\BaseConnection->initialize()
#3 C:\xampp\htdocs\toko_online_CI\system\Database\BaseBuilder.php(1615): CodeIgniter\Database\BaseConnection->query('SELECT *\nFROM `...', Array, false)
#4 C:\xampp\htdocs\toko_online_CI\system\Model.php(871): CodeIgniter\Database\BaseBuilder->get()
#5 C:\xampp\htdocs\toko_online_CI\app\Controllers\Produk.php(26): CodeIgniter\Model->__call('get', Array)
#6 C:\xampp\htdocs\toko_online_CI\system\CodeIgniter.php(942): App\Controllers\Produk->index()
#7 C:\xampp\htdocs\toko_online_CI\system\CodeIgniter.php(502): CodeIgniter\CodeIgniter->runController(Object(App\Controllers\Produk))
#8 C:\xampp\htdocs\toko_online_CI\system\CodeIgniter.php(361): CodeIgniter\CodeIgniter->handleRequest(NULL, Object(Config\Cache), false)
#9 C:\xampp\htdocs\toko_online_CI\public\index.php(79): CodeIgniter\CodeIgniter->run()
#10 C:\xampp\htdocs\toko_online_CI\system\Commands\Server\rewrite.php(47): require_once('C:\\xampp\\htdocs...')
#11 {main}

Next CodeIgniter\Database\Exceptions\DatabaseException: Unknown database 'cart_online' in C:\xampp\htdocs\toko_online_CI\system\Database\MySQLi\Connection.php:229
Stack trace:
#0 C:\xampp\htdocs\toko_online_CI\system\Database\BaseConnection.php(392): CodeIgniter\Database\MySQLi\Connection->connect(false)
#1 C:\xampp\htdocs\toko_online_CI\system\Database\BaseConnection.php(575): CodeIgniter\Database\BaseConnection->initialize()
#2 C:\xampp\htdocs\toko_online_CI\system\Database\BaseBuilder.php(1615): CodeIgniter\Database\BaseConnection->query('SELECT *\nFROM `...', Array, false)
#3 C:\xampp\htdocs\toko_online_CI\system\Model.php(871): CodeIgniter\Database\BaseBuilder->get()
#4 C:\xampp\htdocs\toko_online_CI\app\Controllers\Produk.php(26): CodeIgniter\Model->__call('get', Array)
#5 C:\xampp\htdocs\toko_online_CI\system\CodeIgniter.php(942): App\Controllers\Produk->index()
#6 C:\xampp\htdocs\toko_online_CI\system\CodeIgniter.php(502): CodeIgniter\CodeIgniter->runController(Object(App\Controllers\Produk))
#7 C:\xampp\htdocs\toko_online_CI\system\CodeIgniter.php(361): CodeIgniter\CodeIgniter->handleRequest(NULL, Object(Config\Cache), false)
#8 C:\xampp\htdocs\toko_online_CI\public\index.php(79): CodeIgniter\CodeIgniter->run()
#9 C:\xampp\htdocs\toko_online_CI\system\Commands\Server\rewrite.php(47): require_once('C:\\xampp\\htdocs...')
#10 {main}
CRITICAL - 2024-06-29 07:59:35 --> Unable to connect to the database.
Main connection [MySQLi]: Unknown database 'cart_online'
in SYSTEMPATH\Database\BaseConnection.php on line 428.
 1 SYSTEMPATH\Database\BaseConnection.php(575): CodeIgniter\Database\BaseConnection->initialize()
 2 SYSTEMPATH\Database\BaseBuilder.php(1615): CodeIgniter\Database\BaseConnection->query('SELECT *
FROM `produk`
WHERE `nama_produk` LIKE :nama_produk: ESCAPE \'!\'
ORDER BY `id_produk` DESC', [...], false)
 3 SYSTEMPATH\Model.php(871): CodeIgniter\Database\BaseBuilder->get()
 4 APPPATH\Controllers\Produk.php(26): CodeIgniter\Model->__call('get', [])
 5 SYSTEMPATH\CodeIgniter.php(942): App\Controllers\Produk->index()
 6 SYSTEMPATH\CodeIgniter.php(502): CodeIgniter\CodeIgniter->runController(Object(App\Controllers\Produk))
 7 SYSTEMPATH\CodeIgniter.php(361): CodeIgniter\CodeIgniter->handleRequest(null, Object(Config\Cache), false)
 8 FCPATH\index.php(79): CodeIgniter\CodeIgniter->run()
 9 SYSTEMPATH\Commands\Server\rewrite.php(47): require_once('C:\\xampp\\htdocs\\toko_online_CI\\public\\index.php')
WARNING - 2024-06-29 07:59:37 --> [DEPRECATED] Required parameter $originalDate follows optional parameter $format in APPPATH\Helpers\custom_helper.php on line 4.
 1 SYSTEMPATH\Common.php(667): include_once()
 2 SYSTEMPATH\Controller.php(90): helper([...])
 3 APPPATH\Controllers\BaseController.php(52): CodeIgniter\Controller->initController(Object(CodeIgniter\HTTP\IncomingRequest), Object(CodeIgniter\HTTP\Response), Object(CodeIgniter\Log\Logger))
 4 SYSTEMPATH\CodeIgniter.php(915): App\Controllers\BaseController->initController(Object(CodeIgniter\HTTP\IncomingRequest), Object(CodeIgniter\HTTP\Response), Object(CodeIgniter\Log\Logger))
 5 SYSTEMPATH\CodeIgniter.php(493): CodeIgniter\CodeIgniter->createController()
 6 SYSTEMPATH\CodeIgniter.php(361): CodeIgniter\CodeIgniter->handleRequest(null, Object(Config\Cache), false)
 7 FCPATH\index.php(79): CodeIgniter\CodeIgniter->run()
 8 SYSTEMPATH\Commands\Server\rewrite.php(47): require_once('C:\\xampp\\htdocs\\toko_online_CI\\public\\index.php')
INFO - 2024-06-29 07:59:37 --> Session: Class initialized using 'CodeIgniter\Session\Handlers\FileHandler' driver.
INFO - 2024-06-29 07:59:39 --> Session: Class initialized using 'CodeIgniter\Session\Handlers\FileHandler' driver.
INFO - 2024-06-29 07:59:39 --> Session: Class initialized using 'CodeIgniter\Session\Handlers\FileHandler' driver.
WARNING - 2024-06-29 07:59:39 --> [DEPRECATED] Required parameter $originalDate follows optional parameter $format in APPPATH\Helpers\custom_helper.php on line 4.
 1 SYSTEMPATH\Common.php(667): include_once()
 2 SYSTEMPATH\Controller.php(90): helper([...])
 3 APPPATH\Controllers\BaseController.php(52): CodeIgniter\Controller->initController(Object(CodeIgniter\HTTP\IncomingRequest), Object(CodeIgniter\HTTP\Response), Object(CodeIgniter\Log\Logger))
 4 SYSTEMPATH\CodeIgniter.php(915): App\Controllers\BaseController->initController(Object(CodeIgniter\HTTP\IncomingRequest), Object(CodeIgniter\HTTP\Response), Object(CodeIgniter\Log\Logger))
 5 SYSTEMPATH\CodeIgniter.php(493): CodeIgniter\CodeIgniter->createController()
 6 SYSTEMPATH\CodeIgniter.php(361): CodeIgniter\CodeIgniter->handleRequest(null, Object(Config\Cache), false)
 7 FCPATH\index.php(79): CodeIgniter\CodeIgniter->run()
 8 SYSTEMPATH\Commands\Server\rewrite.php(47): require_once('C:\\xampp\\htdocs\\toko_online_CI\\public\\index.php')
INFO - 2024-06-29 07:59:42 --> Session: Class initialized using 'CodeIgniter\Session\Handlers\FileHandler' driver.
WARNING - 2024-06-29 07:59:42 --> [DEPRECATED] Required parameter $originalDate follows optional parameter $format in APPPATH\Helpers\custom_helper.php on line 4.
 1 SYSTEMPATH\Common.php(667): include_once()
 2 SYSTEMPATH\Controller.php(90): helper([...])
 3 APPPATH\Controllers\BaseController.php(52): CodeIgniter\Controller->initController(Object(CodeIgniter\HTTP\IncomingRequest), Object(CodeIgniter\HTTP\Response), Object(CodeIgniter\Log\Logger))
 4 SYSTEMPATH\CodeIgniter.php(915): App\Controllers\BaseController->initController(Object(CodeIgniter\HTTP\IncomingRequest), Object(CodeIgniter\HTTP\Response), Object(CodeIgniter\Log\Logger))
 5 SYSTEMPATH\CodeIgniter.php(493): CodeIgniter\CodeIgniter->createController()
 6 SYSTEMPATH\CodeIgniter.php(361): CodeIgniter\CodeIgniter->handleRequest(null, Object(Config\Cache), false)
 7 FCPATH\index.php(79): CodeIgniter\CodeIgniter->run()
 8 SYSTEMPATH\Commands\Server\rewrite.php(47): require_once('C:\\xampp\\htdocs\\toko_online_CI\\public\\index.php')
WARNING - 2024-06-29 07:59:44 --> [DEPRECATED] Required parameter $originalDate follows optional parameter $format in APPPATH\Helpers\custom_helper.php on line 4.
 1 SYSTEMPATH\Common.php(667): include_once()
 2 SYSTEMPATH\Controller.php(90): helper([...])
 3 APPPATH\Controllers\BaseController.php(52): CodeIgniter\Controller->initController(Object(CodeIgniter\HTTP\IncomingRequest), Object(CodeIgniter\HTTP\Response), Object(CodeIgniter\Log\Logger))
 4 SYSTEMPATH\CodeIgniter.php(915): App\Controllers\BaseController->initController(Object(CodeIgniter\HTTP\IncomingRequest), Object(CodeIgniter\HTTP\Response), Object(CodeIgniter\Log\Logger))
 5 SYSTEMPATH\CodeIgniter.php(493): CodeIgniter\CodeIgniter->createController()
 6 SYSTEMPATH\CodeIgniter.php(361): CodeIgniter\CodeIgniter->handleRequest(null, Object(Config\Cache), false)
 7 FCPATH\index.php(79): CodeIgniter\CodeIgniter->run()
 8 SYSTEMPATH\Commands\Server\rewrite.php(47): require_once('C:\\xampp\\htdocs\\toko_online_CI\\public\\index.php')
INFO - 2024-06-29 07:59:44 --> Session: Class initialized using 'CodeIgniter\Session\Handlers\FileHandler' driver.
WARNING - 2024-06-29 08:00:15 --> [DEPRECATED] Required parameter $originalDate follows optional parameter $format in APPPATH\Helpers\custom_helper.php on line 4.
 1 SYSTEMPATH\Common.php(667): include_once()
 2 SYSTEMPATH\Controller.php(90): helper([...])
 3 APPPATH\Controllers\BaseController.php(52): CodeIgniter\Controller->initController(Object(CodeIgniter\HTTP\IncomingRequest), Object(CodeIgniter\HTTP\Response), Object(CodeIgniter\Log\Logger))
 4 SYSTEMPATH\CodeIgniter.php(915): App\Controllers\BaseController->initController(Object(CodeIgniter\HTTP\IncomingRequest), Object(CodeIgniter\HTTP\Response), Object(CodeIgniter\Log\Logger))
 5 SYSTEMPATH\CodeIgniter.php(493): CodeIgniter\CodeIgniter->createController()
 6 SYSTEMPATH\CodeIgniter.php(361): CodeIgniter\CodeIgniter->handleRequest(null, Object(Config\Cache), false)
 7 FCPATH\index.php(79): CodeIgniter\CodeIgniter->run()
 8 SYSTEMPATH\Commands\Server\rewrite.php(47): require_once('C:\\xampp\\htdocs\\toko_online_CI\\public\\index.php')
INFO - 2024-06-29 08:00:15 --> Session: Class initialized using 'CodeIgniter\Session\Handlers\FileHandler' driver.
WARNING - 2024-06-29 08:01:13 --> [DEPRECATED] Required parameter $originalDate follows optional parameter $format in APPPATH\Helpers\custom_helper.php on line 4.
 1 SYSTEMPATH\Common.php(667): include_once()
 2 SYSTEMPATH\Controller.php(90): helper([...])
 3 APPPATH\Controllers\BaseController.php(52): CodeIgniter\Controller->initController(Object(CodeIgniter\HTTP\IncomingRequest), Object(CodeIgniter\HTTP\Response), Object(CodeIgniter\Log\Logger))
 4 SYSTEMPATH\CodeIgniter.php(915): App\Controllers\BaseController->initController(Object(CodeIgniter\HTTP\IncomingRequest), Object(CodeIgniter\HTTP\Response), Object(CodeIgniter\Log\Logger))
 5 SYSTEMPATH\CodeIgniter.php(493): CodeIgniter\CodeIgniter->createController()
 6 SYSTEMPATH\CodeIgniter.php(361): CodeIgniter\CodeIgniter->handleRequest(null, Object(Config\Cache), false)
 7 FCPATH\index.php(79): CodeIgniter\CodeIgniter->run()
 8 SYSTEMPATH\Commands\Server\rewrite.php(47): require_once('C:\\xampp\\htdocs\\toko_online_CI\\public\\index.php')
INFO - 2024-06-29 08:01:13 --> Session: Class initialized using 'CodeIgniter\Session\Handlers\FileHandler' driver.
WARNING - 2024-06-29 08:01:38 --> [DEPRECATED] Required parameter $originalDate follows optional parameter $format in APPPATH\Helpers\custom_helper.php on line 4.
 1 SYSTEMPATH\Common.php(667): include_once()
 2 SYSTEMPATH\Controller.php(90): helper([...])
 3 APPPATH\Controllers\BaseController.php(52): CodeIgniter\Controller->initController(Object(CodeIgniter\HTTP\IncomingRequest), Object(CodeIgniter\HTTP\Response), Object(CodeIgniter\Log\Logger))
 4 SYSTEMPATH\CodeIgniter.php(915): App\Controllers\BaseController->initController(Object(CodeIgniter\HTTP\IncomingRequest), Object(CodeIgniter\HTTP\Response), Object(CodeIgniter\Log\Logger))
 5 SYSTEMPATH\CodeIgniter.php(493): CodeIgniter\CodeIgniter->createController()
 6 SYSTEMPATH\CodeIgniter.php(361): CodeIgniter\CodeIgniter->handleRequest(null, Object(Config\Cache), false)
 7 FCPATH\index.php(79): CodeIgniter\CodeIgniter->run()
 8 SYSTEMPATH\Commands\Server\rewrite.php(47): require_once('C:\\xampp\\htdocs\\toko_online_CI\\public\\index.php')
INFO - 2024-06-29 08:01:38 --> Session: Class initialized using 'CodeIgniter\Session\Handlers\FileHandler' driver.
WARNING - 2024-06-29 08:01:50 --> [DEPRECATED] Required parameter $originalDate follows optional parameter $format in APPPATH\Helpers\custom_helper.php on line 4.
 1 SYSTEMPATH\Common.php(667): include_once()
 2 SYSTEMPATH\Controller.php(90): helper([...])
 3 APPPATH\Controllers\BaseController.php(52): CodeIgniter\Controller->initController(Object(CodeIgniter\HTTP\IncomingRequest), Object(CodeIgniter\HTTP\Response), Object(CodeIgniter\Log\Logger))
 4 SYSTEMPATH\CodeIgniter.php(915): App\Controllers\BaseController->initController(Object(CodeIgniter\HTTP\IncomingRequest), Object(CodeIgniter\HTTP\Response), Object(CodeIgniter\Log\Logger))
 5 SYSTEMPATH\CodeIgniter.php(493): CodeIgniter\CodeIgniter->createController()
 6 SYSTEMPATH\CodeIgniter.php(361): CodeIgniter\CodeIgniter->handleRequest(null, Object(Config\Cache), false)
 7 FCPATH\index.php(79): CodeIgniter\CodeIgniter->run()
 8 SYSTEMPATH\Commands\Server\rewrite.php(47): require_once('C:\\xampp\\htdocs\\toko_online_CI\\public\\index.php')
ERROR - 2024-06-29 08:01:50 --> Error connecting to the database: mysqli_sql_exception: Unknown database 'cart_online' in C:\xampp\htdocs\toko_online_CI\system\Database\MySQLi\Connection.php:185
Stack trace:
#0 C:\xampp\htdocs\toko_online_CI\system\Database\MySQLi\Connection.php(185): mysqli->real_connect('localhost', 'root', '', 'cart_online', 3306, '', 0)
#1 C:\xampp\htdocs\toko_online_CI\system\Database\BaseConnection.php(392): CodeIgniter\Database\MySQLi\Connection->connect(false)
#2 C:\xampp\htdocs\toko_online_CI\system\Database\BaseConnection.php(575): CodeIgniter\Database\BaseConnection->initialize()
#3 C:\xampp\htdocs\toko_online_CI\system\Database\BaseBuilder.php(1615): CodeIgniter\Database\BaseConnection->query('SELECT *\nFROM `...', Array, false)
#4 C:\xampp\htdocs\toko_online_CI\system\Model.php(871): CodeIgniter\Database\BaseBuilder->get()
#5 C:\xampp\htdocs\toko_online_CI\app\Controllers\Produk.php(26): CodeIgniter\Model->__call('get', Array)
#6 C:\xampp\htdocs\toko_online_CI\system\CodeIgniter.php(942): App\Controllers\Produk->index()
#7 C:\xampp\htdocs\toko_online_CI\system\CodeIgniter.php(502): CodeIgniter\CodeIgniter->runController(Object(App\Controllers\Produk))
#8 C:\xampp\htdocs\toko_online_CI\system\CodeIgniter.php(361): CodeIgniter\CodeIgniter->handleRequest(NULL, Object(Config\Cache), false)
#9 C:\xampp\htdocs\toko_online_CI\public\index.php(79): CodeIgniter\CodeIgniter->run()
#10 C:\xampp\htdocs\toko_online_CI\system\Commands\Server\rewrite.php(47): require_once('C:\\xampp\\htdocs...')
#11 {main}

Next CodeIgniter\Database\Exceptions\DatabaseException: Unknown database 'cart_online' in C:\xampp\htdocs\toko_online_CI\system\Database\MySQLi\Connection.php:229
Stack trace:
#0 C:\xampp\htdocs\toko_online_CI\system\Database\BaseConnection.php(392): CodeIgniter\Database\MySQLi\Connection->connect(false)
#1 C:\xampp\htdocs\toko_online_CI\system\Database\BaseConnection.php(575): CodeIgniter\Database\BaseConnection->initialize()
#2 C:\xampp\htdocs\toko_online_CI\system\Database\BaseBuilder.php(1615): CodeIgniter\Database\BaseConnection->query('SELECT *\nFROM `...', Array, false)
#3 C:\xampp\htdocs\toko_online_CI\system\Model.php(871): CodeIgniter\Database\BaseBuilder->get()
#4 C:\xampp\htdocs\toko_online_CI\app\Controllers\Produk.php(26): CodeIgniter\Model->__call('get', Array)
#5 C:\xampp\htdocs\toko_online_CI\system\CodeIgniter.php(942): App\Controllers\Produk->index()
#6 C:\xampp\htdocs\toko_online_CI\system\CodeIgniter.php(502): CodeIgniter\CodeIgniter->runController(Object(App\Controllers\Produk))
#7 C:\xampp\htdocs\toko_online_CI\system\CodeIgniter.php(361): CodeIgniter\CodeIgniter->handleRequest(NULL, Object(Config\Cache), false)
#8 C:\xampp\htdocs\toko_online_CI\public\index.php(79): CodeIgniter\CodeIgniter->run()
#9 C:\xampp\htdocs\toko_online_CI\system\Commands\Server\rewrite.php(47): require_once('C:\\xampp\\htdocs...')
#10 {main}
CRITICAL - 2024-06-29 08:01:50 --> Unable to connect to the database.
Main connection [MySQLi]: Unknown database 'cart_online'
in SYSTEMPATH\Database\BaseConnection.php on line 428.
 1 SYSTEMPATH\Database\BaseConnection.php(575): CodeIgniter\Database\BaseConnection->initialize()
 2 SYSTEMPATH\Database\BaseBuilder.php(1615): CodeIgniter\Database\BaseConnection->query('SELECT *
FROM `produk`
WHERE `nama_produk` LIKE :nama_produk: ESCAPE \'!\'
ORDER BY `id_produk` DESC', [...], false)
 3 SYSTEMPATH\Model.php(871): CodeIgniter\Database\BaseBuilder->get()
 4 APPPATH\Controllers\Produk.php(26): CodeIgniter\Model->__call('get', [])
 5 SYSTEMPATH\CodeIgniter.php(942): App\Controllers\Produk->index()
 6 SYSTEMPATH\CodeIgniter.php(502): CodeIgniter\CodeIgniter->runController(Object(App\Controllers\Produk))
 7 SYSTEMPATH\CodeIgniter.php(361): CodeIgniter\CodeIgniter->handleRequest(null, Object(Config\Cache), false)
 8 FCPATH\index.php(79): CodeIgniter\CodeIgniter->run()
 9 SYSTEMPATH\Commands\Server\rewrite.php(47): require_once('C:\\xampp\\htdocs\\toko_online_CI\\public\\index.php')
WARNING - 2024-06-29 08:01:53 --> [DEPRECATED] Required parameter $originalDate follows optional parameter $format in APPPATH\Helpers\custom_helper.php on line 4.
 1 SYSTEMPATH\Common.php(667): include_once()
 2 SYSTEMPATH\Controller.php(90): helper([...])
 3 APPPATH\Controllers\BaseController.php(52): CodeIgniter\Controller->initController(Object(CodeIgniter\HTTP\IncomingRequest), Object(CodeIgniter\HTTP\Response), Object(CodeIgniter\Log\Logger))
 4 SYSTEMPATH\CodeIgniter.php(915): App\Controllers\BaseController->initController(Object(CodeIgniter\HTTP\IncomingRequest), Object(CodeIgniter\HTTP\Response), Object(CodeIgniter\Log\Logger))
 5 SYSTEMPATH\CodeIgniter.php(493): CodeIgniter\CodeIgniter->createController()
 6 SYSTEMPATH\CodeIgniter.php(361): CodeIgniter\CodeIgniter->handleRequest(null, Object(Config\Cache), false)
 7 FCPATH\index.php(79): CodeIgniter\CodeIgniter->run()
 8 SYSTEMPATH\Commands\Server\rewrite.php(47): require_once('C:\\xampp\\htdocs\\toko_online_CI\\public\\index.php')
INFO - 2024-06-29 08:01:53 --> Session: Class initialized using 'CodeIgniter\Session\Handlers\FileHandler' driver.
WARNING - 2024-06-29 08:02:38 --> [DEPRECATED] Required parameter $originalDate follows optional parameter $format in APPPATH\Helpers\custom_helper.php on line 4.
 1 SYSTEMPATH\Common.php(667): include_once()
 2 SYSTEMPATH\Controller.php(90): helper([...])
 3 APPPATH\Controllers\BaseController.php(52): CodeIgniter\Controller->initController(Object(CodeIgniter\HTTP\IncomingRequest), Object(CodeIgniter\HTTP\Response), Object(CodeIgniter\Log\Logger))
 4 SYSTEMPATH\CodeIgniter.php(915): App\Controllers\BaseController->initController(Object(CodeIgniter\HTTP\IncomingRequest), Object(CodeIgniter\HTTP\Response), Object(CodeIgniter\Log\Logger))
 5 SYSTEMPATH\CodeIgniter.php(493): CodeIgniter\CodeIgniter->createController()
 6 SYSTEMPATH\CodeIgniter.php(361): CodeIgniter\CodeIgniter->handleRequest(null, Object(Config\Cache), false)
 7 FCPATH\index.php(79): CodeIgniter\CodeIgniter->run()
 8 SYSTEMPATH\Commands\Server\rewrite.php(47): require_once('C:\\xampp\\htdocs\\toko_online_CI\\public\\index.php')
INFO - 2024-06-29 08:02:38 --> Session: Class initialized using 'CodeIgniter\Session\Handlers\FileHandler' driver.
WARNING - 2024-06-29 08:04:10 --> [DEPRECATED] Required parameter $originalDate follows optional parameter $format in APPPATH\Helpers\custom_helper.php on line 4.
 1 SYSTEMPATH\Common.php(667): include_once()
 2 SYSTEMPATH\Controller.php(90): helper([...])
 3 APPPATH\Controllers\BaseController.php(52): CodeIgniter\Controller->initController(Object(CodeIgniter\HTTP\IncomingRequest), Object(CodeIgniter\HTTP\Response), Object(CodeIgniter\Log\Logger))
 4 SYSTEMPATH\CodeIgniter.php(915): App\Controllers\BaseController->initController(Object(CodeIgniter\HTTP\IncomingRequest), Object(CodeIgniter\HTTP\Response), Object(CodeIgniter\Log\Logger))
 5 SYSTEMPATH\CodeIgniter.php(493): CodeIgniter\CodeIgniter->createController()
 6 SYSTEMPATH\CodeIgniter.php(361): CodeIgniter\CodeIgniter->handleRequest(null, Object(Config\Cache), false)
 7 FCPATH\index.php(79): CodeIgniter\CodeIgniter->run()
 8 SYSTEMPATH\Commands\Server\rewrite.php(47): require_once('C:\\xampp\\htdocs\\toko_online_CI\\public\\index.php')
INFO - 2024-06-29 08:04:10 --> Session: Class initialized using 'CodeIgniter\Session\Handlers\FileHandler' driver.
WARNING - 2024-06-29 08:04:42 --> [DEPRECATED] Required parameter $originalDate follows optional parameter $format in APPPATH\Helpers\custom_helper.php on line 4.
 1 SYSTEMPATH\Common.php(667): include_once()
 2 SYSTEMPATH\Controller.php(90): helper([...])
 3 APPPATH\Controllers\BaseController.php(52): CodeIgniter\Controller->initController(Object(CodeIgniter\HTTP\IncomingRequest), Object(CodeIgniter\HTTP\Response), Object(CodeIgniter\Log\Logger))
 4 SYSTEMPATH\CodeIgniter.php(915): App\Controllers\BaseController->initController(Object(CodeIgniter\HTTP\IncomingRequest), Object(CodeIgniter\HTTP\Response), Object(CodeIgniter\Log\Logger))
 5 SYSTEMPATH\CodeIgniter.php(493): CodeIgniter\CodeIgniter->createController()
 6 SYSTEMPATH\CodeIgniter.php(361): CodeIgniter\CodeIgniter->handleRequest(null, Object(Config\Cache), false)
 7 FCPATH\index.php(79): CodeIgniter\CodeIgniter->run()
 8 SYSTEMPATH\Commands\Server\rewrite.php(47): require_once('C:\\xampp\\htdocs\\toko_online_CI\\public\\index.php')
INFO - 2024-06-29 08:04:42 --> Session: Class initialized using 'CodeIgniter\Session\Handlers\FileHandler' driver.
WARNING - 2024-06-29 08:07:17 --> [DEPRECATED] Required parameter $originalDate follows optional parameter $format in APPPATH\Helpers\custom_helper.php on line 4.
 1 SYSTEMPATH\Common.php(667): include_once()
 2 SYSTEMPATH\Controller.php(90): helper([...])
 3 APPPATH\Controllers\BaseController.php(52): CodeIgniter\Controller->initController(Object(CodeIgniter\HTTP\IncomingRequest), Object(CodeIgniter\HTTP\Response), Object(CodeIgniter\Log\Logger))
 4 SYSTEMPATH\CodeIgniter.php(915): App\Controllers\BaseController->initController(Object(CodeIgniter\HTTP\IncomingRequest), Object(CodeIgniter\HTTP\Response), Object(CodeIgniter\Log\Logger))
 5 SYSTEMPATH\CodeIgniter.php(493): CodeIgniter\CodeIgniter->createController()
 6 SYSTEMPATH\CodeIgniter.php(361): CodeIgniter\CodeIgniter->handleRequest(null, Object(Config\Cache), false)
 7 FCPATH\index.php(79): CodeIgniter\CodeIgniter->run()
 8 SYSTEMPATH\Commands\Server\rewrite.php(47): require_once('C:\\xampp\\htdocs\\toko_online_CI\\public\\index.php')
INFO - 2024-06-29 08:07:17 --> Session: Class initialized using 'CodeIgniter\Session\Handlers\FileHandler' driver.
WARNING - 2024-06-29 08:14:45 --> [DEPRECATED] Required parameter $originalDate follows optional parameter $format in APPPATH\Helpers\custom_helper.php on line 4.
 1 SYSTEMPATH\Common.php(667): include_once()
 2 SYSTEMPATH\Controller.php(90): helper([...])
 3 APPPATH\Controllers\BaseController.php(52): CodeIgniter\Controller->initController(Object(CodeIgniter\HTTP\IncomingRequest), Object(CodeIgniter\HTTP\Response), Object(CodeIgniter\Log\Logger))
 4 SYSTEMPATH\CodeIgniter.php(915): App\Controllers\BaseController->initController(Object(CodeIgniter\HTTP\IncomingRequest), Object(CodeIgniter\HTTP\Response), Object(CodeIgniter\Log\Logger))
 5 SYSTEMPATH\CodeIgniter.php(493): CodeIgniter\CodeIgniter->createController()
 6 SYSTEMPATH\CodeIgniter.php(361): CodeIgniter\CodeIgniter->handleRequest(null, Object(Config\Cache), false)
 7 FCPATH\index.php(79): CodeIgniter\CodeIgniter->run()
 8 SYSTEMPATH\Commands\Server\rewrite.php(47): require_once('C:\\xampp\\htdocs\\toko_online_CI\\public\\index.php')
INFO - 2024-06-29 08:14:45 --> Session: Class initialized using 'CodeIgniter\Session\Handlers\FileHandler' driver.
WARNING - 2024-06-29 08:17:29 --> [DEPRECATED] Required parameter $originalDate follows optional parameter $format in APPPATH\Helpers\custom_helper.php on line 4.
 1 SYSTEMPATH\Common.php(667): include_once()
 2 SYSTEMPATH\Controller.php(90): helper([...])
 3 APPPATH\Controllers\BaseController.php(52): CodeIgniter\Controller->initController(Object(CodeIgniter\HTTP\IncomingRequest), Object(CodeIgniter\HTTP\Response), Object(CodeIgniter\Log\Logger))
 4 SYSTEMPATH\CodeIgniter.php(915): App\Controllers\BaseController->initController(Object(CodeIgniter\HTTP\IncomingRequest), Object(CodeIgniter\HTTP\Response), Object(CodeIgniter\Log\Logger))
 5 SYSTEMPATH\CodeIgniter.php(493): CodeIgniter\CodeIgniter->createController()
 6 SYSTEMPATH\CodeIgniter.php(361): CodeIgniter\CodeIgniter->handleRequest(null, Object(Config\Cache), false)
 7 FCPATH\index.php(79): CodeIgniter\CodeIgniter->run()
 8 SYSTEMPATH\Commands\Server\rewrite.php(47): require_once('C:\\xampp\\htdocs\\toko_online_CI\\public\\index.php')
INFO - 2024-06-29 08:17:29 --> Session: Class initialized using 'CodeIgniter\Session\Handlers\FileHandler' driver.
WARNING - 2024-06-29 08:20:55 --> [DEPRECATED] Required parameter $originalDate follows optional parameter $format in APPPATH\Helpers\custom_helper.php on line 4.
 1 SYSTEMPATH\Common.php(667): include_once()
 2 SYSTEMPATH\Controller.php(90): helper([...])
 3 APPPATH\Controllers\BaseController.php(52): CodeIgniter\Controller->initController(Object(CodeIgniter\HTTP\IncomingRequest), Object(CodeIgniter\HTTP\Response), Object(CodeIgniter\Log\Logger))
 4 SYSTEMPATH\CodeIgniter.php(915): App\Controllers\BaseController->initController(Object(CodeIgniter\HTTP\IncomingRequest), Object(CodeIgniter\HTTP\Response), Object(CodeIgniter\Log\Logger))
 5 SYSTEMPATH\CodeIgniter.php(493): CodeIgniter\CodeIgniter->createController()
 6 SYSTEMPATH\CodeIgniter.php(361): CodeIgniter\CodeIgniter->handleRequest(null, Object(Config\Cache), false)
 7 FCPATH\index.php(79): CodeIgniter\CodeIgniter->run()
 8 SYSTEMPATH\Commands\Server\rewrite.php(47): require_once('C:\\xampp\\htdocs\\toko_online_CI\\public\\index.php')
INFO - 2024-06-29 08:20:55 --> Session: Class initialized using 'CodeIgniter\Session\Handlers\FileHandler' driver.
WARNING - 2024-06-29 08:21:08 --> [DEPRECATED] Required parameter $originalDate follows optional parameter $format in APPPATH\Helpers\custom_helper.php on line 4.
 1 SYSTEMPATH\Common.php(667): include_once()
 2 SYSTEMPATH\Controller.php(90): helper([...])
 3 APPPATH\Controllers\BaseController.php(52): CodeIgniter\Controller->initController(Object(CodeIgniter\HTTP\IncomingRequest), Object(CodeIgniter\HTTP\Response), Object(CodeIgniter\Log\Logger))
 4 SYSTEMPATH\CodeIgniter.php(915): App\Controllers\BaseController->initController(Object(CodeIgniter\HTTP\IncomingRequest), Object(CodeIgniter\HTTP\Response), Object(CodeIgniter\Log\Logger))
 5 SYSTEMPATH\CodeIgniter.php(493): CodeIgniter\CodeIgniter->createController()
 6 SYSTEMPATH\CodeIgniter.php(361): CodeIgniter\CodeIgniter->handleRequest(null, Object(Config\Cache), false)
 7 FCPATH\index.php(79): CodeIgniter\CodeIgniter->run()
 8 SYSTEMPATH\Commands\Server\rewrite.php(47): require_once('C:\\xampp\\htdocs\\toko_online_CI\\public\\index.php')
INFO - 2024-06-29 08:21:08 --> Session: Class initialized using 'CodeIgniter\Session\Handlers\FileHandler' driver.
WARNING - 2024-06-29 08:21:10 --> [DEPRECATED] Required parameter $originalDate follows optional parameter $format in APPPATH\Helpers\custom_helper.php on line 4.
 1 SYSTEMPATH\Common.php(667): include_once()
 2 SYSTEMPATH\Controller.php(90): helper([...])
 3 APPPATH\Controllers\BaseController.php(52): CodeIgniter\Controller->initController(Object(CodeIgniter\HTTP\IncomingRequest), Object(CodeIgniter\HTTP\Response), Object(CodeIgniter\Log\Logger))
 4 SYSTEMPATH\CodeIgniter.php(915): App\Controllers\BaseController->initController(Object(CodeIgniter\HTTP\IncomingRequest), Object(CodeIgniter\HTTP\Response), Object(CodeIgniter\Log\Logger))
 5 SYSTEMPATH\CodeIgniter.php(493): CodeIgniter\CodeIgniter->createController()
 6 SYSTEMPATH\CodeIgniter.php(361): CodeIgniter\CodeIgniter->handleRequest(null, Object(Config\Cache), false)
 7 FCPATH\index.php(79): CodeIgniter\CodeIgniter->run()
 8 SYSTEMPATH\Commands\Server\rewrite.php(47): require_once('C:\\xampp\\htdocs\\toko_online_CI\\public\\index.php')
INFO - 2024-06-29 08:21:10 --> Session: Class initialized using 'CodeIgniter\Session\Handlers\FileHandler' driver.
WARNING - 2024-06-29 08:21:42 --> [DEPRECATED] Required parameter $originalDate follows optional parameter $format in APPPATH\Helpers\custom_helper.php on line 4.
 1 SYSTEMPATH\Common.php(667): include_once()
 2 SYSTEMPATH\Controller.php(90): helper([...])
 3 APPPATH\Controllers\BaseController.php(52): CodeIgniter\Controller->initController(Object(CodeIgniter\HTTP\IncomingRequest), Object(CodeIgniter\HTTP\Response), Object(CodeIgniter\Log\Logger))
 4 SYSTEMPATH\CodeIgniter.php(915): App\Controllers\BaseController->initController(Object(CodeIgniter\HTTP\IncomingRequest), Object(CodeIgniter\HTTP\Response), Object(CodeIgniter\Log\Logger))
 5 SYSTEMPATH\CodeIgniter.php(493): CodeIgniter\CodeIgniter->createController()
 6 SYSTEMPATH\CodeIgniter.php(361): CodeIgniter\CodeIgniter->handleRequest(null, Object(Config\Cache), false)
 7 FCPATH\index.php(79): CodeIgniter\CodeIgniter->run()
 8 SYSTEMPATH\Commands\Server\rewrite.php(47): require_once('C:\\xampp\\htdocs\\toko_online_CI\\public\\index.php')
INFO - 2024-06-29 08:21:42 --> Session: Class initialized using 'CodeIgniter\Session\Handlers\FileHandler' driver.
WARNING - 2024-06-29 08:25:10 --> [DEPRECATED] Required parameter $originalDate follows optional parameter $format in APPPATH\Helpers\custom_helper.php on line 4.
 1 SYSTEMPATH\Common.php(667): include_once()
 2 SYSTEMPATH\Controller.php(90): helper([...])
 3 APPPATH\Controllers\BaseController.php(52): CodeIgniter\Controller->initController(Object(CodeIgniter\HTTP\IncomingRequest), Object(CodeIgniter\HTTP\Response), Object(CodeIgniter\Log\Logger))
 4 SYSTEMPATH\CodeIgniter.php(915): App\Controllers\BaseController->initController(Object(CodeIgniter\HTTP\IncomingRequest), Object(CodeIgniter\HTTP\Response), Object(CodeIgniter\Log\Logger))
 5 SYSTEMPATH\CodeIgniter.php(493): CodeIgniter\CodeIgniter->createController()
 6 SYSTEMPATH\CodeIgniter.php(361): CodeIgniter\CodeIgniter->handleRequest(null, Object(Config\Cache), false)
 7 FCPATH\index.php(79): CodeIgniter\CodeIgniter->run()
 8 SYSTEMPATH\Commands\Server\rewrite.php(47): require_once('C:\\xampp\\htdocs\\toko_online_CI\\public\\index.php')
INFO - 2024-06-29 08:25:11 --> Session: Class initialized using 'CodeIgniter\Session\Handlers\FileHandler' driver.
WARNING - 2024-06-29 08:25:46 --> [DEPRECATED] Required parameter $originalDate follows optional parameter $format in APPPATH\Helpers\custom_helper.php on line 4.
 1 SYSTEMPATH\Common.php(667): include_once()
 2 SYSTEMPATH\Controller.php(90): helper([...])
 3 APPPATH\Controllers\BaseController.php(52): CodeIgniter\Controller->initController(Object(CodeIgniter\HTTP\IncomingRequest), Object(CodeIgniter\HTTP\Response), Object(CodeIgniter\Log\Logger))
 4 SYSTEMPATH\CodeIgniter.php(915): App\Controllers\BaseController->initController(Object(CodeIgniter\HTTP\IncomingRequest), Object(CodeIgniter\HTTP\Response), Object(CodeIgniter\Log\Logger))
 5 SYSTEMPATH\CodeIgniter.php(493): CodeIgniter\CodeIgniter->createController()
 6 SYSTEMPATH\CodeIgniter.php(361): CodeIgniter\CodeIgniter->handleRequest(null, Object(Config\Cache), false)
 7 FCPATH\index.php(79): CodeIgniter\CodeIgniter->run()
 8 SYSTEMPATH\Commands\Server\rewrite.php(47): require_once('C:\\xampp\\htdocs\\toko_online_CI\\public\\index.php')
INFO - 2024-06-29 08:25:46 --> Session: Class initialized using 'CodeIgniter\Session\Handlers\FileHandler' driver.
WARNING - 2024-06-29 08:26:59 --> [DEPRECATED] Required parameter $originalDate follows optional parameter $format in APPPATH\Helpers\custom_helper.php on line 4.
 1 SYSTEMPATH\Common.php(667): include_once()
 2 SYSTEMPATH\Controller.php(90): helper([...])
 3 APPPATH\Controllers\BaseController.php(52): CodeIgniter\Controller->initController(Object(CodeIgniter\HTTP\IncomingRequest), Object(CodeIgniter\HTTP\Response), Object(CodeIgniter\Log\Logger))
 4 SYSTEMPATH\CodeIgniter.php(915): App\Controllers\BaseController->initController(Object(CodeIgniter\HTTP\IncomingRequest), Object(CodeIgniter\HTTP\Response), Object(CodeIgniter\Log\Logger))
 5 SYSTEMPATH\CodeIgniter.php(493): CodeIgniter\CodeIgniter->createController()
 6 SYSTEMPATH\CodeIgniter.php(361): CodeIgniter\CodeIgniter->handleRequest(null, Object(Config\Cache), false)
 7 FCPATH\index.php(79): CodeIgniter\CodeIgniter->run()
 8 SYSTEMPATH\Commands\Server\rewrite.php(47): require_once('C:\\xampp\\htdocs\\toko_online_CI\\public\\index.php')
INFO - 2024-06-29 08:26:59 --> Session: Class initialized using 'CodeIgniter\Session\Handlers\FileHandler' driver.
WARNING - 2024-06-29 08:27:58 --> [DEPRECATED] Required parameter $originalDate follows optional parameter $format in APPPATH\Helpers\custom_helper.php on line 4.
 1 SYSTEMPATH\Common.php(667): include_once()
 2 SYSTEMPATH\Controller.php(90): helper([...])
 3 APPPATH\Controllers\BaseController.php(52): CodeIgniter\Controller->initController(Object(CodeIgniter\HTTP\IncomingRequest), Object(CodeIgniter\HTTP\Response), Object(CodeIgniter\Log\Logger))
 4 SYSTEMPATH\CodeIgniter.php(915): App\Controllers\BaseController->initController(Object(CodeIgniter\HTTP\IncomingRequest), Object(CodeIgniter\HTTP\Response), Object(CodeIgniter\Log\Logger))
 5 SYSTEMPATH\CodeIgniter.php(493): CodeIgniter\CodeIgniter->createController()
 6 SYSTEMPATH\CodeIgniter.php(361): CodeIgniter\CodeIgniter->handleRequest(null, Object(Config\Cache), false)
 7 FCPATH\index.php(79): CodeIgniter\CodeIgniter->run()
 8 SYSTEMPATH\Commands\Server\rewrite.php(47): require_once('C:\\xampp\\htdocs\\toko_online_CI\\public\\index.php')
INFO - 2024-06-29 08:27:58 --> Session: Class initialized using 'CodeIgniter\Session\Handlers\FileHandler' driver.
WARNING - 2024-06-29 08:28:12 --> [DEPRECATED] Required parameter $originalDate follows optional parameter $format in APPPATH\Helpers\custom_helper.php on line 4.
 1 SYSTEMPATH\Common.php(667): include_once()
 2 SYSTEMPATH\Controller.php(90): helper([...])
 3 APPPATH\Controllers\BaseController.php(52): CodeIgniter\Controller->initController(Object(CodeIgniter\HTTP\IncomingRequest), Object(CodeIgniter\HTTP\Response), Object(CodeIgniter\Log\Logger))
 4 SYSTEMPATH\CodeIgniter.php(915): App\Controllers\BaseController->initController(Object(CodeIgniter\HTTP\IncomingRequest), Object(CodeIgniter\HTTP\Response), Object(CodeIgniter\Log\Logger))
 5 SYSTEMPATH\CodeIgniter.php(493): CodeIgniter\CodeIgniter->createController()
 6 SYSTEMPATH\CodeIgniter.php(361): CodeIgniter\CodeIgniter->handleRequest(null, Object(Config\Cache), false)
 7 FCPATH\index.php(79): CodeIgniter\CodeIgniter->run()
 8 SYSTEMPATH\Commands\Server\rewrite.php(47): require_once('C:\\xampp\\htdocs\\toko_online_CI\\public\\index.php')
INFO - 2024-06-29 08:28:12 --> Session: Class initialized using 'CodeIgniter\Session\Handlers\FileHandler' driver.
WARNING - 2024-06-29 08:28:35 --> [DEPRECATED] Required parameter $originalDate follows optional parameter $format in APPPATH\Helpers\custom_helper.php on line 4.
 1 SYSTEMPATH\Common.php(667): include_once()
 2 SYSTEMPATH\Controller.php(90): helper([...])
 3 APPPATH\Controllers\BaseController.php(52): CodeIgniter\Controller->initController(Object(CodeIgniter\HTTP\IncomingRequest), Object(CodeIgniter\HTTP\Response), Object(CodeIgniter\Log\Logger))
 4 SYSTEMPATH\CodeIgniter.php(915): App\Controllers\BaseController->initController(Object(CodeIgniter\HTTP\IncomingRequest), Object(CodeIgniter\HTTP\Response), Object(CodeIgniter\Log\Logger))
 5 SYSTEMPATH\CodeIgniter.php(493): CodeIgniter\CodeIgniter->createController()
 6 SYSTEMPATH\CodeIgniter.php(361): CodeIgniter\CodeIgniter->handleRequest(null, Object(Config\Cache), false)
 7 FCPATH\index.php(79): CodeIgniter\CodeIgniter->run()
 8 SYSTEMPATH\Commands\Server\rewrite.php(47): require_once('C:\\xampp\\htdocs\\toko_online_CI\\public\\index.php')
INFO - 2024-06-29 08:28:35 --> Session: Class initialized using 'CodeIgniter\Session\Handlers\FileHandler' driver.
WARNING - 2024-06-29 08:31:05 --> [DEPRECATED] Required parameter $originalDate follows optional parameter $format in APPPATH\Helpers\custom_helper.php on line 4.
 1 SYSTEMPATH\Common.php(667): include_once()
 2 SYSTEMPATH\Controller.php(90): helper([...])
 3 APPPATH\Controllers\BaseController.php(52): CodeIgniter\Controller->initController(Object(CodeIgniter\HTTP\IncomingRequest), Object(CodeIgniter\HTTP\Response), Object(CodeIgniter\Log\Logger))
 4 SYSTEMPATH\CodeIgniter.php(915): App\Controllers\BaseController->initController(Object(CodeIgniter\HTTP\IncomingRequest), Object(CodeIgniter\HTTP\Response), Object(CodeIgniter\Log\Logger))
 5 SYSTEMPATH\CodeIgniter.php(493): CodeIgniter\CodeIgniter->createController()
 6 SYSTEMPATH\CodeIgniter.php(361): CodeIgniter\CodeIgniter->handleRequest(null, Object(Config\Cache), false)
 7 FCPATH\index.php(79): CodeIgniter\CodeIgniter->run()
 8 SYSTEMPATH\Commands\Server\rewrite.php(47): require_once('C:\\xampp\\htdocs\\toko_online_CI\\public\\index.php')
INFO - 2024-06-29 08:31:05 --> Session: Class initialized using 'CodeIgniter\Session\Handlers\FileHandler' driver.
WARNING - 2024-06-29 08:38:40 --> [DEPRECATED] Required parameter $originalDate follows optional parameter $format in APPPATH\Helpers\custom_helper.php on line 4.
 1 SYSTEMPATH\Common.php(667): include_once()
 2 SYSTEMPATH\Controller.php(90): helper([...])
 3 APPPATH\Controllers\BaseController.php(52): CodeIgniter\Controller->initController(Object(CodeIgniter\HTTP\IncomingRequest), Object(CodeIgniter\HTTP\Response), Object(CodeIgniter\Log\Logger))
 4 SYSTEMPATH\CodeIgniter.php(915): App\Controllers\BaseController->initController(Object(CodeIgniter\HTTP\IncomingRequest), Object(CodeIgniter\HTTP\Response), Object(CodeIgniter\Log\Logger))
 5 SYSTEMPATH\CodeIgniter.php(493): CodeIgniter\CodeIgniter->createController()
 6 SYSTEMPATH\CodeIgniter.php(361): CodeIgniter\CodeIgniter->handleRequest(null, Object(Config\Cache), false)
 7 FCPATH\index.php(79): CodeIgniter\CodeIgniter->run()
 8 SYSTEMPATH\Commands\Server\rewrite.php(47): require_once('C:\\xampp\\htdocs\\toko_online_CI\\public\\index.php')
ERROR - 2024-06-29 08:38:40 --> Error connecting to the database: mysqli_sql_exception: Unknown database 'cart_online' in C:\xampp\htdocs\toko_online_CI\system\Database\MySQLi\Connection.php:185
Stack trace:
#0 C:\xampp\htdocs\toko_online_CI\system\Database\MySQLi\Connection.php(185): mysqli->real_connect('localhost', 'root', '', 'cart_online', 3306, '', 0)
#1 C:\xampp\htdocs\toko_online_CI\system\Database\BaseConnection.php(392): CodeIgniter\Database\MySQLi\Connection->connect(false)
#2 C:\xampp\htdocs\toko_online_CI\system\Database\BaseConnection.php(575): CodeIgniter\Database\BaseConnection->initialize()
#3 C:\xampp\htdocs\toko_online_CI\system\Database\BaseBuilder.php(1615): CodeIgniter\Database\BaseConnection->query('SELECT *\nFROM `...', Array, false)
#4 C:\xampp\htdocs\toko_online_CI\system\Model.php(871): CodeIgniter\Database\BaseBuilder->get()
#5 C:\xampp\htdocs\toko_online_CI\app\Controllers\Produk.php(26): CodeIgniter\Model->__call('get', Array)
#6 C:\xampp\htdocs\toko_online_CI\system\CodeIgniter.php(942): App\Controllers\Produk->index()
#7 C:\xampp\htdocs\toko_online_CI\system\CodeIgniter.php(502): CodeIgniter\CodeIgniter->runController(Object(App\Controllers\Produk))
#8 C:\xampp\htdocs\toko_online_CI\system\CodeIgniter.php(361): CodeIgniter\CodeIgniter->handleRequest(NULL, Object(Config\Cache), false)
#9 C:\xampp\htdocs\toko_online_CI\public\index.php(79): CodeIgniter\CodeIgniter->run()
#10 C:\xampp\htdocs\toko_online_CI\system\Commands\Server\rewrite.php(47): require_once('C:\\xampp\\htdocs...')
#11 {main}

Next CodeIgniter\Database\Exceptions\DatabaseException: Unknown database 'cart_online' in C:\xampp\htdocs\toko_online_CI\system\Database\MySQLi\Connection.php:229
Stack trace:
#0 C:\xampp\htdocs\toko_online_CI\system\Database\BaseConnection.php(392): CodeIgniter\Database\MySQLi\Connection->connect(false)
#1 C:\xampp\htdocs\toko_online_CI\system\Database\BaseConnection.php(575): CodeIgniter\Database\BaseConnection->initialize()
#2 C:\xampp\htdocs\toko_online_CI\system\Database\BaseBuilder.php(1615): CodeIgniter\Database\BaseConnection->query('SELECT *\nFROM `...', Array, false)
#3 C:\xampp\htdocs\toko_online_CI\system\Model.php(871): CodeIgniter\Database\BaseBuilder->get()
#4 C:\xampp\htdocs\toko_online_CI\app\Controllers\Produk.php(26): CodeIgniter\Model->__call('get', Array)
#5 C:\xampp\htdocs\toko_online_CI\system\CodeIgniter.php(942): App\Controllers\Produk->index()
#6 C:\xampp\htdocs\toko_online_CI\system\CodeIgniter.php(502): CodeIgniter\CodeIgniter->runController(Object(App\Controllers\Produk))
#7 C:\xampp\htdocs\toko_online_CI\system\CodeIgniter.php(361): CodeIgniter\CodeIgniter->handleRequest(NULL, Object(Config\Cache), false)
#8 C:\xampp\htdocs\toko_online_CI\public\index.php(79): CodeIgniter\CodeIgniter->run()
#9 C:\xampp\htdocs\toko_online_CI\system\Commands\Server\rewrite.php(47): require_once('C:\\xampp\\htdocs...')
#10 {main}
CRITICAL - 2024-06-29 08:38:40 --> Unable to connect to the database.
Main connection [MySQLi]: Unknown database 'cart_online'
in SYSTEMPATH\Database\BaseConnection.php on line 428.
 1 SYSTEMPATH\Database\BaseConnection.php(575): CodeIgniter\Database\BaseConnection->initialize()
 2 SYSTEMPATH\Database\BaseBuilder.php(1615): CodeIgniter\Database\BaseConnection->query('SELECT *
FROM `produk`
WHERE `nama_produk` LIKE :nama_produk: ESCAPE \'!\'
ORDER BY `id_produk` DESC', [...], false)
 3 SYSTEMPATH\Model.php(871): CodeIgniter\Database\BaseBuilder->get()
 4 APPPATH\Controllers\Produk.php(26): CodeIgniter\Model->__call('get', [])
 5 SYSTEMPATH\CodeIgniter.php(942): App\Controllers\Produk->index()
 6 SYSTEMPATH\CodeIgniter.php(502): CodeIgniter\CodeIgniter->runController(Object(App\Controllers\Produk))
 7 SYSTEMPATH\CodeIgniter.php(361): CodeIgniter\CodeIgniter->handleRequest(null, Object(Config\Cache), false)
 8 FCPATH\index.php(79): CodeIgniter\CodeIgniter->run()
 9 SYSTEMPATH\Commands\Server\rewrite.php(47): require_once('C:\\xampp\\htdocs\\toko_online_CI\\public\\index.php')
WARNING - 2024-06-29 08:38:42 --> [DEPRECATED] Required parameter $originalDate follows optional parameter $format in APPPATH\Helpers\custom_helper.php on line 4.
 1 SYSTEMPATH\Common.php(667): include_once()
 2 SYSTEMPATH\Controller.php(90): helper([...])
 3 APPPATH\Controllers\BaseController.php(52): CodeIgniter\Controller->initController(Object(CodeIgniter\HTTP\IncomingRequest), Object(CodeIgniter\HTTP\Response), Object(CodeIgniter\Log\Logger))
 4 SYSTEMPATH\CodeIgniter.php(915): App\Controllers\BaseController->initController(Object(CodeIgniter\HTTP\IncomingRequest), Object(CodeIgniter\HTTP\Response), Object(CodeIgniter\Log\Logger))
 5 SYSTEMPATH\CodeIgniter.php(493): CodeIgniter\CodeIgniter->createController()
 6 SYSTEMPATH\CodeIgniter.php(361): CodeIgniter\CodeIgniter->handleRequest(null, Object(Config\Cache), false)
 7 FCPATH\index.php(79): CodeIgniter\CodeIgniter->run()
 8 SYSTEMPATH\Commands\Server\rewrite.php(47): require_once('C:\\xampp\\htdocs\\toko_online_CI\\public\\index.php')
INFO - 2024-06-29 08:38:42 --> Session: Class initialized using 'CodeIgniter\Session\Handlers\FileHandler' driver.
INFO - 2024-06-29 08:38:43 --> Session: Class initialized using 'CodeIgniter\Session\Handlers\FileHandler' driver.
WARNING - 2024-06-29 08:38:43 --> [DEPRECATED] Required parameter $originalDate follows optional parameter $format in APPPATH\Helpers\custom_helper.php on line 4.
 1 SYSTEMPATH\Common.php(667): include_once()
 2 SYSTEMPATH\Controller.php(90): helper([...])
 3 APPPATH\Controllers\BaseController.php(52): CodeIgniter\Controller->initController(Object(CodeIgniter\HTTP\IncomingRequest), Object(CodeIgniter\HTTP\Response), Object(CodeIgniter\Log\Logger))
 4 SYSTEMPATH\CodeIgniter.php(915): App\Controllers\BaseController->initController(Object(CodeIgniter\HTTP\IncomingRequest), Object(CodeIgniter\HTTP\Response), Object(CodeIgniter\Log\Logger))
 5 SYSTEMPATH\CodeIgniter.php(493): CodeIgniter\CodeIgniter->createController()
 6 SYSTEMPATH\CodeIgniter.php(361): CodeIgniter\CodeIgniter->handleRequest(null, Object(Config\Cache), false)
 7 FCPATH\index.php(79): CodeIgniter\CodeIgniter->run()
 8 SYSTEMPATH\Commands\Server\rewrite.php(47): require_once('C:\\xampp\\htdocs\\toko_online_CI\\public\\index.php')
INFO - 2024-06-29 08:38:46 --> Session: Class initialized using 'CodeIgniter\Session\Handlers\FileHandler' driver.
WARNING - 2024-06-29 08:38:46 --> [DEPRECATED] Required parameter $originalDate follows optional parameter $format in APPPATH\Helpers\custom_helper.php on line 4.
 1 SYSTEMPATH\Common.php(667): include_once()
 2 SYSTEMPATH\Controller.php(90): helper([...])
 3 APPPATH\Controllers\BaseController.php(52): CodeIgniter\Controller->initController(Object(CodeIgniter\HTTP\IncomingRequest), Object(CodeIgniter\HTTP\Response), Object(CodeIgniter\Log\Logger))
 4 SYSTEMPATH\CodeIgniter.php(915): App\Controllers\BaseController->initController(Object(CodeIgniter\HTTP\IncomingRequest), Object(CodeIgniter\HTTP\Response), Object(CodeIgniter\Log\Logger))
 5 SYSTEMPATH\CodeIgniter.php(493): CodeIgniter\CodeIgniter->createController()
 6 SYSTEMPATH\CodeIgniter.php(361): CodeIgniter\CodeIgniter->handleRequest(null, Object(Config\Cache), false)
 7 FCPATH\index.php(79): CodeIgniter\CodeIgniter->run()
 8 SYSTEMPATH\Commands\Server\rewrite.php(47): require_once('C:\\xampp\\htdocs\\toko_online_CI\\public\\index.php')
INFO - 2024-06-29 08:38:50 --> Session: Class initialized using 'CodeIgniter\Session\Handlers\FileHandler' driver.
WARNING - 2024-06-29 08:38:50 --> [DEPRECATED] Required parameter $originalDate follows optional parameter $format in APPPATH\Helpers\custom_helper.php on line 4.
 1 SYSTEMPATH\Common.php(667): include_once()
 2 SYSTEMPATH\Controller.php(90): helper([...])
 3 APPPATH\Controllers\BaseController.php(52): CodeIgniter\Controller->initController(Object(CodeIgniter\HTTP\IncomingRequest), Object(CodeIgniter\HTTP\Response), Object(CodeIgniter\Log\Logger))
 4 SYSTEMPATH\CodeIgniter.php(915): App\Controllers\BaseController->initController(Object(CodeIgniter\HTTP\IncomingRequest), Object(CodeIgniter\HTTP\Response), Object(CodeIgniter\Log\Logger))
 5 SYSTEMPATH\CodeIgniter.php(493): CodeIgniter\CodeIgniter->createController()
 6 SYSTEMPATH\CodeIgniter.php(361): CodeIgniter\CodeIgniter->handleRequest(null, Object(Config\Cache), false)
 7 FCPATH\index.php(79): CodeIgniter\CodeIgniter->run()
 8 SYSTEMPATH\Commands\Server\rewrite.php(47): require_once('C:\\xampp\\htdocs\\toko_online_CI\\public\\index.php')
WARNING - 2024-06-29 08:39:02 --> [DEPRECATED] Required parameter $originalDate follows optional parameter $format in APPPATH\Helpers\custom_helper.php on line 4.
 1 SYSTEMPATH\Common.php(667): include_once()
 2 SYSTEMPATH\Controller.php(90): helper([...])
 3 APPPATH\Controllers\BaseController.php(52): CodeIgniter\Controller->initController(Object(CodeIgniter\HTTP\IncomingRequest), Object(CodeIgniter\HTTP\Response), Object(CodeIgniter\Log\Logger))
 4 SYSTEMPATH\CodeIgniter.php(915): App\Controllers\BaseController->initController(Object(CodeIgniter\HTTP\IncomingRequest), Object(CodeIgniter\HTTP\Response), Object(CodeIgniter\Log\Logger))
 5 SYSTEMPATH\CodeIgniter.php(493): CodeIgniter\CodeIgniter->createController()
 6 SYSTEMPATH\CodeIgniter.php(361): CodeIgniter\CodeIgniter->handleRequest(null, Object(Config\Cache), false)
 7 FCPATH\index.php(79): CodeIgniter\CodeIgniter->run()
 8 SYSTEMPATH\Commands\Server\rewrite.php(47): require_once('C:\\xampp\\htdocs\\toko_online_CI\\public\\index.php')
INFO - 2024-06-29 08:39:02 --> Session: Class initialized using 'CodeIgniter\Session\Handlers\FileHandler' driver.
